==========================================
SLURM_CLUSTER_NAME = param-shivay
SLURM_JOB_ACCOUNT = comp_sci_engg
SLURM_JOB_ID = 406264
SLURM_JOB_NAME = wnut
SLURM_JOB_NODELIST = cn009
SLURM_JOB_USER = rajeshm.cse.iitbhu
SLURM_JOB_UID = 5067
SLURM_JOB_PARTITION = standard
SLURM_TASK_PID = 46627
SLURM_SUBMIT_DIR = /home/rajeshm.cse.iitbhu/wnut
SLURM_CPUS_ON_NODE = 16
SLURM_NTASKS = 16
SLURM_TASK_PID = 46627
==========================================
2020-08-12 06:38:12,781 Reading data from data
2020-08-12 06:38:12,782 Train: data/train.csv
2020-08-12 06:38:12,783 Dev: data/dev.csv
2020-08-12 06:38:12,783 Test: data/test.csv
2020-08-12 06:38:27,528 Computing label dictionary. Progress:
2020-08-12 06:38:29,998 [b'__label__INFORMATIVE', b'__label__UNINFORMATIVE']
2020-08-12 06:38:30,002 ----------------------------------------------------------------------------------------------------
2020-08-12 06:38:30,002 Model: "TextClassifier(
  (document_embeddings): DocumentLSTMEmbeddings(
    (embeddings): StackedEmbeddings(
      (list_embedding_0): ELMoEmbeddings(model=0-elmo-custom-all)
      (list_embedding_1): FlairEmbeddings(
        (lm): LanguageModel(
          (drop): Dropout(p=0.25, inplace=False)
          (encoder): Embedding(275, 100)
          (rnn): LSTM(100, 1024)
          (decoder): Linear(in_features=1024, out_features=275, bias=True)
        )
      )
      (list_embedding_2): FlairEmbeddings(
        (lm): LanguageModel(
          (drop): Dropout(p=0.25, inplace=False)
          (encoder): Embedding(275, 100)
          (rnn): LSTM(100, 1024)
          (decoder): Linear(in_features=1024, out_features=275, bias=True)
        )
      )
    )
    (word_reprojection_map): Linear(in_features=2816, out_features=2816, bias=True)
    (rnn): GRU(2816, 512)
    (dropout): Dropout(p=0.5, inplace=False)
  )
  (decoder): Linear(in_features=512, out_features=2, bias=True)
  (loss_function): CrossEntropyLoss()
  (beta): 1.0
  (weights): None
  (weight_tensor) None
)"
2020-08-12 06:38:30,002 ----------------------------------------------------------------------------------------------------
2020-08-12 06:38:30,003 Corpus: "Corpus: 6935 train + 999 dev + 999 test sentences"
2020-08-12 06:38:30,003 ----------------------------------------------------------------------------------------------------
2020-08-12 06:38:30,003 Parameters:
2020-08-12 06:38:30,003  - learning_rate: "0.1"
2020-08-12 06:38:30,003  - mini_batch_size: "32"
2020-08-12 06:38:30,003  - patience: "3"
2020-08-12 06:38:30,003  - anneal_factor: "0.5"
2020-08-12 06:38:30,003  - max_epochs: "30"
2020-08-12 06:38:30,003  - shuffle: "True"
2020-08-12 06:38:30,003  - train_with_dev: "False"
2020-08-12 06:38:30,003  - batch_growth_annealing: "False"
2020-08-12 06:38:30,003 ----------------------------------------------------------------------------------------------------
2020-08-12 06:38:30,003 Model training base path: "elmo-mid-model"
2020-08-12 06:38:30,003 ----------------------------------------------------------------------------------------------------
2020-08-12 06:38:30,003 Device: cpu
2020-08-12 06:38:30,003 ----------------------------------------------------------------------------------------------------
2020-08-12 06:38:30,003 Embeddings storage mode: cpu
2020-08-12 06:38:30,005 ----------------------------------------------------------------------------------------------------
2020-08-12 06:39:25,446 epoch 1 - iter 21/217 - loss 1.49253895 - samples/sec: 12.23
2020-08-12 06:40:07,239 epoch 1 - iter 42/217 - loss 1.16265209 - samples/sec: 16.26
2020-08-12 06:40:40,177 epoch 1 - iter 63/217 - loss 1.00968698 - samples/sec: 20.49
2020-08-12 06:41:31,095 epoch 1 - iter 84/217 - loss 0.93386154 - samples/sec: 13.28
2020-08-12 06:42:03,411 epoch 1 - iter 105/217 - loss 0.87729916 - samples/sec: 21.03
2020-08-12 06:42:36,584 epoch 1 - iter 126/217 - loss 0.83777666 - samples/sec: 20.54
2020-08-12 06:43:26,224 epoch 1 - iter 147/217 - loss 0.80698294 - samples/sec: 13.60
2020-08-12 06:43:59,796 epoch 1 - iter 168/217 - loss 0.77909216 - samples/sec: 20.29
2020-08-12 06:44:32,138 epoch 1 - iter 189/217 - loss 0.75355273 - samples/sec: 21.00
2020-08-12 06:45:04,612 epoch 1 - iter 210/217 - loss 0.73095709 - samples/sec: 20.98
2020-08-12 06:45:15,027 ----------------------------------------------------------------------------------------------------
2020-08-12 06:45:15,027 EPOCH 1 done: loss 0.7294 - lr 0.1000000
2020-08-12 06:46:00,701 DEV : loss 0.504444420337677 - score 0.8864
2020-08-12 06:46:01,757 BAD EPOCHS (no improvement): 0
saving best model
2020-08-12 06:46:02,165 ----------------------------------------------------------------------------------------------------
2020-08-12 06:46:35,559 epoch 2 - iter 21/217 - loss 0.52035778 - samples/sec: 20.41
2020-08-12 06:47:08,084 epoch 2 - iter 42/217 - loss 0.52119468 - samples/sec: 20.86
2020-08-12 06:47:58,472 epoch 2 - iter 63/217 - loss 0.46600826 - samples/sec: 13.37
2020-08-12 06:49:10,508 epoch 2 - iter 84/217 - loss 0.44609331 - samples/sec: 9.37
2020-08-12 06:49:42,875 epoch 2 - iter 105/217 - loss 0.43142804 - samples/sec: 20.85
2020-08-12 06:50:15,440 epoch 2 - iter 126/217 - loss 0.41919497 - samples/sec: 20.78
2020-08-12 06:50:57,117 epoch 2 - iter 147/217 - loss 0.42346034 - samples/sec: 16.27
2020-08-12 06:51:30,258 epoch 2 - iter 168/217 - loss 0.41715659 - samples/sec: 20.35
2020-08-12 06:52:02,894 epoch 2 - iter 189/217 - loss 0.41380129 - samples/sec: 20.87
2020-08-12 06:52:35,807 epoch 2 - iter 210/217 - loss 0.40723079 - samples/sec: 20.70
2020-08-12 06:52:46,399 ----------------------------------------------------------------------------------------------------
2020-08-12 06:52:46,399 EPOCH 2 done: loss 0.4065 - lr 0.1000000
2020-08-12 06:53:32,010 DEV : loss 0.3888585865497589 - score 0.9178
2020-08-12 06:53:33,168 BAD EPOCHS (no improvement): 0
saving best model
2020-08-12 06:53:33,407 ----------------------------------------------------------------------------------------------------
2020-08-12 06:54:06,151 epoch 3 - iter 21/217 - loss 0.28682813 - samples/sec: 20.81
2020-08-12 06:55:02,112 epoch 3 - iter 42/217 - loss 0.29915817 - samples/sec: 12.11
2020-08-12 06:55:34,677 epoch 3 - iter 63/217 - loss 0.31216873 - samples/sec: 20.87
2020-08-12 06:56:07,767 epoch 3 - iter 84/217 - loss 0.31483193 - samples/sec: 20.45
2020-08-12 06:56:40,451 epoch 3 - iter 105/217 - loss 0.30815941 - samples/sec: 20.91
2020-08-12 06:57:12,905 epoch 3 - iter 126/217 - loss 0.31803880 - samples/sec: 20.92
2020-08-12 06:57:55,004 epoch 3 - iter 147/217 - loss 0.31662775 - samples/sec: 16.02
2020-08-12 06:58:46,120 epoch 3 - iter 168/217 - loss 0.31482577 - samples/sec: 13.24
2020-08-12 06:59:36,155 epoch 3 - iter 189/217 - loss 0.31298361 - samples/sec: 13.53
2020-08-12 07:00:09,101 epoch 3 - iter 210/217 - loss 0.31062355 - samples/sec: 20.62
2020-08-12 07:00:19,572 ----------------------------------------------------------------------------------------------------
2020-08-12 07:00:19,573 EPOCH 3 done: loss 0.3095 - lr 0.1000000
2020-08-12 07:01:05,471 DEV : loss 0.43369460105895996 - score 0.9199
2020-08-12 07:01:06,633 BAD EPOCHS (no improvement): 0
saving best model
2020-08-12 07:01:06,876 ----------------------------------------------------------------------------------------------------
2020-08-12 07:01:58,026 epoch 4 - iter 21/217 - loss 0.30292897 - samples/sec: 13.23
2020-08-12 07:02:31,339 epoch 4 - iter 42/217 - loss 0.32640636 - samples/sec: 20.32
2020-08-12 07:03:04,179 epoch 4 - iter 63/217 - loss 0.30739981 - samples/sec: 20.76
2020-08-12 07:03:36,880 epoch 4 - iter 84/217 - loss 0.29250211 - samples/sec: 20.69
2020-08-12 07:04:32,888 epoch 4 - iter 105/217 - loss 0.29221173 - samples/sec: 12.10
2020-08-12 07:05:06,143 epoch 4 - iter 126/217 - loss 0.29105358 - samples/sec: 20.29
2020-08-12 07:05:48,346 epoch 4 - iter 147/217 - loss 0.29099493 - samples/sec: 16.01
2020-08-12 07:06:21,439 epoch 4 - iter 168/217 - loss 0.28643658 - samples/sec: 20.53
2020-08-12 07:06:53,730 epoch 4 - iter 189/217 - loss 0.28555944 - samples/sec: 20.89
2020-08-12 07:07:43,284 epoch 4 - iter 210/217 - loss 0.29059120 - samples/sec: 13.66
2020-08-12 07:07:53,806 ----------------------------------------------------------------------------------------------------
2020-08-12 07:07:53,807 EPOCH 4 done: loss 0.2906 - lr 0.1000000
2020-08-12 07:08:39,337 DEV : loss 0.42412978410720825 - score 0.9212
2020-08-12 07:08:40,502 BAD EPOCHS (no improvement): 0
saving best model
2020-08-12 07:08:40,744 ----------------------------------------------------------------------------------------------------
2020-08-12 07:09:31,796 epoch 5 - iter 21/217 - loss 0.22095857 - samples/sec: 13.25
2020-08-12 07:10:04,656 epoch 5 - iter 42/217 - loss 0.23765332 - samples/sec: 20.60
2020-08-12 07:10:37,341 epoch 5 - iter 63/217 - loss 0.23958658 - samples/sec: 20.79
2020-08-12 07:11:09,877 epoch 5 - iter 84/217 - loss 0.23716235 - samples/sec: 20.95
2020-08-12 07:12:08,415 epoch 5 - iter 105/217 - loss 0.23716578 - samples/sec: 11.57
2020-08-12 07:12:41,883 epoch 5 - iter 126/217 - loss 0.24118308 - samples/sec: 20.31
2020-08-12 07:13:14,710 epoch 5 - iter 147/217 - loss 0.24288578 - samples/sec: 20.82
2020-08-12 07:13:47,280 epoch 5 - iter 168/217 - loss 0.24155693 - samples/sec: 20.78
2020-08-12 07:14:43,373 epoch 5 - iter 189/217 - loss 0.24560010 - samples/sec: 12.03
2020-08-12 07:15:16,023 epoch 5 - iter 210/217 - loss 0.24574502 - samples/sec: 20.89
2020-08-12 07:15:26,850 ----------------------------------------------------------------------------------------------------
2020-08-12 07:15:26,851 EPOCH 5 done: loss 0.2430 - lr 0.1000000
2020-08-12 07:16:13,400 DEV : loss 0.43256446719169617 - score 0.925
2020-08-12 07:16:14,459 BAD EPOCHS (no improvement): 0
saving best model
2020-08-12 07:16:14,703 ----------------------------------------------------------------------------------------------------
2020-08-12 07:16:47,694 epoch 6 - iter 21/217 - loss 0.20005911 - samples/sec: 20.59
2020-08-12 07:17:38,507 epoch 6 - iter 42/217 - loss 0.20126645 - samples/sec: 13.31
2020-08-12 07:18:10,941 epoch 6 - iter 63/217 - loss 0.20849718 - samples/sec: 20.93
2020-08-12 07:18:43,445 epoch 6 - iter 84/217 - loss 0.21598333 - samples/sec: 20.76
2020-08-12 07:19:15,845 epoch 6 - iter 105/217 - loss 0.22961713 - samples/sec: 20.97
2020-08-12 07:19:57,539 epoch 6 - iter 126/217 - loss 0.22663770 - samples/sec: 16.29
2020-08-12 07:20:46,941 epoch 6 - iter 147/217 - loss 0.22833043 - samples/sec: 13.67
2020-08-12 07:21:19,523 epoch 6 - iter 168/217 - loss 0.23048666 - samples/sec: 20.91
2020-08-12 07:22:14,718 epoch 6 - iter 189/217 - loss 0.23541563 - samples/sec: 12.28
2020-08-12 07:22:47,087 epoch 6 - iter 210/217 - loss 0.23305567 - samples/sec: 20.98
2020-08-12 07:22:57,636 ----------------------------------------------------------------------------------------------------
2020-08-12 07:22:57,636 EPOCH 6 done: loss 0.2314 - lr 0.1000000
2020-08-12 07:23:43,046 DEV : loss 0.39263755083084106 - score 0.9319
2020-08-12 07:23:44,217 BAD EPOCHS (no improvement): 0
saving best model
2020-08-12 07:23:44,461 ----------------------------------------------------------------------------------------------------
2020-08-12 07:24:17,509 epoch 7 - iter 21/217 - loss 0.19538548 - samples/sec: 20.62
2020-08-12 07:24:50,072 epoch 7 - iter 42/217 - loss 0.20277692 - samples/sec: 20.93
2020-08-12 07:25:57,459 epoch 7 - iter 63/217 - loss 0.20736176 - samples/sec: 9.99
2020-08-12 07:26:30,546 epoch 7 - iter 84/217 - loss 0.21941967 - samples/sec: 20.54
2020-08-12 07:27:12,574 epoch 7 - iter 105/217 - loss 0.21809631 - samples/sec: 16.04
2020-08-12 07:27:45,022 epoch 7 - iter 126/217 - loss 0.21068006 - samples/sec: 20.78
2020-08-12 07:28:18,268 epoch 7 - iter 147/217 - loss 0.21391385 - samples/sec: 20.57
2020-08-12 07:28:50,714 epoch 7 - iter 168/217 - loss 0.21455575 - samples/sec: 20.99
2020-08-12 07:29:23,257 epoch 7 - iter 189/217 - loss 0.21424101 - samples/sec: 21.02
2020-08-12 07:30:18,416 epoch 7 - iter 210/217 - loss 0.21411253 - samples/sec: 12.26
2020-08-12 07:30:29,117 ----------------------------------------------------------------------------------------------------
2020-08-12 07:30:29,118 EPOCH 7 done: loss 0.2139 - lr 0.1000000
2020-08-12 07:31:14,681 DEV : loss 0.5094290375709534 - score 0.9169
2020-08-12 07:31:15,738 BAD EPOCHS (no improvement): 1
2020-08-12 07:31:15,739 ----------------------------------------------------------------------------------------------------
2020-08-12 07:31:48,379 epoch 8 - iter 21/217 - loss 0.17160759 - samples/sec: 20.96
2020-08-12 07:32:20,906 epoch 8 - iter 42/217 - loss 0.19845262 - samples/sec: 20.81
2020-08-12 07:32:53,876 epoch 8 - iter 63/217 - loss 0.17481288 - samples/sec: 20.53
2020-08-12 07:33:26,866 epoch 8 - iter 84/217 - loss 0.18848874 - samples/sec: 20.45
2020-08-12 07:34:17,406 epoch 8 - iter 105/217 - loss 0.18300173 - samples/sec: 13.38
2020-08-12 07:34:50,512 epoch 8 - iter 126/217 - loss 0.18518046 - samples/sec: 20.38
2020-08-12 07:35:23,504 epoch 8 - iter 147/217 - loss 0.18597415 - samples/sec: 20.66
2020-08-12 07:36:05,999 epoch 8 - iter 168/217 - loss 0.19156043 - samples/sec: 15.94
2020-08-12 07:36:39,455 epoch 8 - iter 189/217 - loss 0.19945351 - samples/sec: 20.30
2020-08-12 07:37:52,299 epoch 8 - iter 210/217 - loss 0.20165132 - samples/sec: 9.26
2020-08-12 07:38:03,262 ----------------------------------------------------------------------------------------------------
2020-08-12 07:38:03,262 EPOCH 8 done: loss 0.2010 - lr 0.1000000
2020-08-12 07:38:48,919 DEV : loss 0.37165525555610657 - score 0.9328
2020-08-12 07:38:49,980 BAD EPOCHS (no improvement): 0
saving best model
2020-08-12 07:38:50,225 ----------------------------------------------------------------------------------------------------
2020-08-12 07:39:23,280 epoch 9 - iter 21/217 - loss 0.16697755 - samples/sec: 20.55
2020-08-12 07:39:56,730 epoch 9 - iter 42/217 - loss 0.18863616 - samples/sec: 20.44
2020-08-12 07:40:29,868 epoch 9 - iter 63/217 - loss 0.17840913 - samples/sec: 20.36
2020-08-12 07:41:02,138 epoch 9 - iter 84/217 - loss 0.18852707 - samples/sec: 21.06
2020-08-12 07:41:35,261 epoch 9 - iter 105/217 - loss 0.18496906 - samples/sec: 20.57
2020-08-12 07:42:47,836 epoch 9 - iter 126/217 - loss 0.18149415 - samples/sec: 9.31
2020-08-12 07:43:44,464 epoch 9 - iter 147/217 - loss 0.18095707 - samples/sec: 11.92
2020-08-12 07:44:17,411 epoch 9 - iter 168/217 - loss 0.18194693 - samples/sec: 20.83
2020-08-12 07:44:50,293 epoch 9 - iter 189/217 - loss 0.17369252 - samples/sec: 20.53
2020-08-12 07:45:32,398 epoch 9 - iter 210/217 - loss 0.17502353 - samples/sec: 16.06
2020-08-12 07:45:42,776 ----------------------------------------------------------------------------------------------------
2020-08-12 07:45:42,777 EPOCH 9 done: loss 0.1749 - lr 0.1000000
2020-08-12 07:46:29,755 DEV : loss 0.5332468748092651 - score 0.9212
2020-08-12 07:46:30,816 BAD EPOCHS (no improvement): 1
2020-08-12 07:46:30,877 ----------------------------------------------------------------------------------------------------
2020-08-12 07:47:03,250 epoch 10 - iter 21/217 - loss 0.18156337 - samples/sec: 21.05
2020-08-12 07:47:35,837 epoch 10 - iter 42/217 - loss 0.18888879 - samples/sec: 20.79
2020-08-12 07:48:08,821 epoch 10 - iter 63/217 - loss 0.19389748 - samples/sec: 20.54
2020-08-12 07:48:41,574 epoch 10 - iter 84/217 - loss 0.18428846 - samples/sec: 20.75
2020-08-12 07:49:14,129 epoch 10 - iter 105/217 - loss 0.17679091 - samples/sec: 20.74
2020-08-12 07:50:10,133 epoch 10 - iter 126/217 - loss 0.17715243 - samples/sec: 12.11
2020-08-12 07:50:43,153 epoch 10 - iter 147/217 - loss 0.17425158 - samples/sec: 20.51
2020-08-12 07:51:42,127 epoch 10 - iter 168/217 - loss 0.18197811 - samples/sec: 11.55
2020-08-12 07:52:33,808 epoch 10 - iter 189/217 - loss 0.17891296 - samples/sec: 13.10
2020-08-12 07:53:06,696 epoch 10 - iter 210/217 - loss 0.18245791 - samples/sec: 20.67
2020-08-12 07:53:18,666 ----------------------------------------------------------------------------------------------------
2020-08-12 07:53:18,666 EPOCH 10 done: loss 0.1849 - lr 0.1000000
2020-08-12 07:54:04,258 DEV : loss 0.4006429612636566 - score 0.9328
2020-08-12 07:54:05,425 BAD EPOCHS (no improvement): 2
2020-08-12 07:54:05,426 ----------------------------------------------------------------------------------------------------
2020-08-12 07:54:38,104 epoch 11 - iter 21/217 - loss 0.09989830 - samples/sec: 20.86
2020-08-12 07:55:11,076 epoch 11 - iter 42/217 - loss 0.12176141 - samples/sec: 20.62
2020-08-12 07:55:44,223 epoch 11 - iter 63/217 - loss 0.12947253 - samples/sec: 20.51
2020-08-12 07:56:17,059 epoch 11 - iter 84/217 - loss 0.14549133 - samples/sec: 20.69
2020-08-12 07:56:49,590 epoch 11 - iter 105/217 - loss 0.14348942 - samples/sec: 20.83
2020-08-12 07:57:23,574 epoch 11 - iter 126/217 - loss 0.14445115 - samples/sec: 20.01
2020-08-12 07:58:14,802 epoch 11 - iter 147/217 - loss 0.14933571 - samples/sec: 13.24
2020-08-12 07:58:47,545 epoch 11 - iter 168/217 - loss 0.15269409 - samples/sec: 20.77
2020-08-12 07:59:37,530 epoch 11 - iter 189/217 - loss 0.15475122 - samples/sec: 13.52
2020-08-12 08:00:11,196 epoch 11 - iter 210/217 - loss 0.15480377 - samples/sec: 20.20
2020-08-12 08:00:44,551 ----------------------------------------------------------------------------------------------------
2020-08-12 08:00:44,551 EPOCH 11 done: loss 0.1559 - lr 0.1000000
2020-08-12 08:01:30,116 DEV : loss 0.7270681262016296 - score 0.9103
2020-08-12 08:01:31,277 BAD EPOCHS (no improvement): 3
2020-08-12 08:01:31,277 ----------------------------------------------------------------------------------------------------
2020-08-12 08:02:04,525 epoch 12 - iter 21/217 - loss 0.10271396 - samples/sec: 20.44
2020-08-12 08:02:54,300 epoch 12 - iter 42/217 - loss 0.11628023 - samples/sec: 13.60
2020-08-12 08:03:27,027 epoch 12 - iter 63/217 - loss 0.12377947 - samples/sec: 20.70
2020-08-12 08:04:22,285 epoch 12 - iter 84/217 - loss 0.12285587 - samples/sec: 12.29
2020-08-12 08:04:54,965 epoch 12 - iter 105/217 - loss 0.12629860 - samples/sec: 20.74
2020-08-12 08:05:36,850 epoch 12 - iter 126/217 - loss 0.13851214 - samples/sec: 16.18
2020-08-12 08:06:09,570 epoch 12 - iter 147/217 - loss 0.14787559 - samples/sec: 20.70
2020-08-12 08:06:42,101 epoch 12 - iter 168/217 - loss 0.14986120 - samples/sec: 20.97
2020-08-12 08:07:14,658 epoch 12 - iter 189/217 - loss 0.14960929 - samples/sec: 20.87
2020-08-12 08:08:05,993 epoch 12 - iter 210/217 - loss 0.15378350 - samples/sec: 13.20
2020-08-12 08:08:16,803 ----------------------------------------------------------------------------------------------------
2020-08-12 08:08:16,804 EPOCH 12 done: loss 0.1542 - lr 0.1000000
2020-08-12 08:09:02,717 DEV : loss 0.4204254448413849 - score 0.9302
Epoch    12: reducing learning rate of group 0 to 5.0000e-02.
2020-08-12 08:09:03,868 BAD EPOCHS (no improvement): 4
2020-08-12 08:09:03,869 ----------------------------------------------------------------------------------------------------
2020-08-12 08:09:36,461 epoch 13 - iter 21/217 - loss 0.12899609 - samples/sec: 21.00
2020-08-12 08:10:09,159 epoch 13 - iter 42/217 - loss 0.11444328 - samples/sec: 20.65
2020-08-12 08:10:41,754 epoch 13 - iter 63/217 - loss 0.10761685 - samples/sec: 21.00
2020-08-12 08:11:33,094 epoch 13 - iter 84/217 - loss 0.10640721 - samples/sec: 13.22
2020-08-12 08:12:15,061 epoch 13 - iter 105/217 - loss 0.09902922 - samples/sec: 16.07
2020-08-12 08:12:47,701 epoch 13 - iter 126/217 - loss 0.09223872 - samples/sec: 20.88
2020-08-12 08:13:20,329 epoch 13 - iter 147/217 - loss 0.09312484 - samples/sec: 20.85
2020-08-12 08:14:15,906 epoch 13 - iter 168/217 - loss 0.08846222 - samples/sec: 12.17
2020-08-12 08:14:48,679 epoch 13 - iter 189/217 - loss 0.09099511 - samples/sec: 20.80
2020-08-12 08:15:38,345 epoch 13 - iter 210/217 - loss 0.09134417 - samples/sec: 13.66
2020-08-12 08:15:49,166 ----------------------------------------------------------------------------------------------------
2020-08-12 08:15:49,166 EPOCH 13 done: loss 0.0912 - lr 0.0500000
2020-08-12 08:16:34,907 DEV : loss 0.4457586109638214 - score 0.9315
2020-08-12 08:16:35,965 BAD EPOCHS (no improvement): 1
2020-08-12 08:16:35,966 ----------------------------------------------------------------------------------------------------
2020-08-12 08:17:18,637 epoch 14 - iter 21/217 - loss 0.08252578 - samples/sec: 15.93
2020-08-12 08:17:51,209 epoch 14 - iter 42/217 - loss 0.08032331 - samples/sec: 20.82
2020-08-12 08:18:23,895 epoch 14 - iter 63/217 - loss 0.07824273 - samples/sec: 20.93
2020-08-12 08:19:19,254 epoch 14 - iter 84/217 - loss 0.07448549 - samples/sec: 12.20
2020-08-12 08:20:10,305 epoch 14 - iter 105/217 - loss 0.07434393 - samples/sec: 13.29
2020-08-12 08:20:59,956 epoch 14 - iter 126/217 - loss 0.07205549 - samples/sec: 13.61
2020-08-12 08:21:41,335 epoch 14 - iter 147/217 - loss 0.06895971 - samples/sec: 16.44
2020-08-12 08:22:13,923 epoch 14 - iter 168/217 - loss 0.06803678 - samples/sec: 20.79
2020-08-12 08:22:46,995 epoch 14 - iter 189/217 - loss 0.07151554 - samples/sec: 20.70
2020-08-12 08:23:19,583 epoch 14 - iter 210/217 - loss 0.07320135 - samples/sec: 20.78
2020-08-12 08:23:30,183 ----------------------------------------------------------------------------------------------------
2020-08-12 08:23:30,184 EPOCH 14 done: loss 0.0732 - lr 0.0500000
2020-08-12 08:24:16,654 DEV : loss 0.5007835626602173 - score 0.9336
2020-08-12 08:24:17,824 BAD EPOCHS (no improvement): 0
saving best model
2020-08-12 08:24:18,214 ----------------------------------------------------------------------------------------------------
2020-08-12 08:24:51,076 epoch 15 - iter 21/217 - loss 0.05783659 - samples/sec: 20.74
2020-08-12 08:25:55,889 epoch 15 - iter 42/217 - loss 0.06288208 - samples/sec: 10.41
2020-08-12 08:26:47,020 epoch 15 - iter 63/217 - loss 0.05834355 - samples/sec: 13.28
2020-08-12 08:27:20,640 epoch 15 - iter 84/217 - loss 0.05715027 - samples/sec: 20.28
2020-08-12 08:27:53,591 epoch 15 - iter 105/217 - loss 0.05747610 - samples/sec: 20.55
2020-08-12 08:28:25,852 epoch 15 - iter 126/217 - loss 0.05969109 - samples/sec: 21.07
2020-08-12 08:28:58,275 epoch 15 - iter 147/217 - loss 0.06349961 - samples/sec: 20.96
2020-08-12 08:29:30,766 epoch 15 - iter 168/217 - loss 0.06398588 - samples/sec: 20.85
2020-08-12 08:30:03,141 epoch 15 - iter 189/217 - loss 0.06215876 - samples/sec: 20.99
2020-08-12 08:30:36,020 epoch 15 - iter 210/217 - loss 0.06378095 - samples/sec: 20.67
2020-08-12 08:31:04,003 ----------------------------------------------------------------------------------------------------
2020-08-12 08:31:04,003 EPOCH 15 done: loss 0.0639 - lr 0.0500000
2020-08-12 08:31:49,644 DEV : loss 0.5372430682182312 - score 0.9297
2020-08-12 08:31:50,823 BAD EPOCHS (no improvement): 1
2020-08-12 08:31:50,824 ----------------------------------------------------------------------------------------------------
2020-08-12 08:32:33,014 epoch 16 - iter 21/217 - loss 0.03694581 - samples/sec: 16.02
2020-08-12 08:33:05,641 epoch 16 - iter 42/217 - loss 0.04287555 - samples/sec: 20.83
2020-08-12 08:33:38,299 epoch 16 - iter 63/217 - loss 0.05129847 - samples/sec: 20.83
2020-08-12 08:34:28,565 epoch 16 - iter 84/217 - loss 0.05438643 - samples/sec: 13.44
2020-08-12 08:35:24,035 epoch 16 - iter 105/217 - loss 0.05303844 - samples/sec: 12.20
2020-08-12 08:35:56,512 epoch 16 - iter 126/217 - loss 0.05396350 - samples/sec: 20.93
2020-08-12 08:36:45,431 epoch 16 - iter 147/217 - loss 0.05473109 - samples/sec: 13.84
2020-08-12 08:37:17,783 epoch 16 - iter 168/217 - loss 0.05532096 - samples/sec: 21.01
2020-08-12 08:37:50,534 epoch 16 - iter 189/217 - loss 0.05546770 - samples/sec: 20.89
2020-08-12 08:38:31,035 epoch 16 - iter 210/217 - loss 0.05615705 - samples/sec: 16.73
2020-08-12 08:38:45,597 ----------------------------------------------------------------------------------------------------
2020-08-12 08:38:45,597 EPOCH 16 done: loss 0.0562 - lr 0.0500000
2020-08-12 08:39:41,330 DEV : loss 0.5454278588294983 - score 0.9332
2020-08-12 08:39:42,393 BAD EPOCHS (no improvement): 2
2020-08-12 08:39:42,474 ----------------------------------------------------------------------------------------------------
2020-08-12 08:40:44,595 epoch 17 - iter 21/217 - loss 0.03514796 - samples/sec: 10.95
2020-08-12 08:41:23,981 epoch 17 - iter 42/217 - loss 0.03925409 - samples/sec: 17.18
2020-08-12 08:42:14,300 epoch 17 - iter 63/217 - loss 0.04131707 - samples/sec: 13.49
2020-08-12 08:42:54,207 epoch 17 - iter 84/217 - loss 0.04645174 - samples/sec: 16.95
2020-08-12 08:43:33,852 epoch 17 - iter 105/217 - loss 0.04683463 - samples/sec: 17.22
2020-08-12 08:44:40,568 epoch 17 - iter 126/217 - loss 0.04704869 - samples/sec: 10.10
2020-08-12 08:45:40,315 epoch 17 - iter 147/217 - loss 0.04414625 - samples/sec: 11.30
2020-08-12 08:46:19,503 epoch 17 - iter 168/217 - loss 0.04308290 - samples/sec: 17.37
2020-08-12 08:46:59,164 epoch 17 - iter 189/217 - loss 0.04552953 - samples/sec: 17.11
2020-08-12 08:47:38,738 epoch 17 - iter 210/217 - loss 0.04670628 - samples/sec: 17.15
2020-08-12 08:47:51,371 ----------------------------------------------------------------------------------------------------
2020-08-12 08:47:51,371 EPOCH 17 done: loss 0.0477 - lr 0.0500000
2020-08-12 08:48:46,250 DEV : loss 0.5625642538070679 - score 0.935
2020-08-12 08:48:47,311 BAD EPOCHS (no improvement): 0
saving best model
2020-08-12 08:48:47,598 ----------------------------------------------------------------------------------------------------
2020-08-12 08:49:49,834 epoch 18 - iter 21/217 - loss 0.04627700 - samples/sec: 10.89
2020-08-12 08:50:29,188 epoch 18 - iter 42/217 - loss 0.04501112 - samples/sec: 17.24
2020-08-12 08:51:09,456 epoch 18 - iter 63/217 - loss 0.04904137 - samples/sec: 16.95
2020-08-12 08:52:00,305 epoch 18 - iter 84/217 - loss 0.04697705 - samples/sec: 13.31
2020-08-12 08:52:40,030 epoch 18 - iter 105/217 - loss 0.04573484 - samples/sec: 16.99
2020-08-12 08:53:18,968 epoch 18 - iter 126/217 - loss 0.04840864 - samples/sec: 17.32
2020-08-12 08:54:18,361 epoch 18 - iter 147/217 - loss 0.04744487 - samples/sec: 11.35
2020-08-12 08:54:57,723 epoch 18 - iter 168/217 - loss 0.04589942 - samples/sec: 17.14
2020-08-12 08:55:37,098 epoch 18 - iter 189/217 - loss 0.04492633 - samples/sec: 17.30
2020-08-12 08:56:43,687 epoch 18 - iter 210/217 - loss 0.04346663 - samples/sec: 10.15
2020-08-12 08:56:56,173 ----------------------------------------------------------------------------------------------------
2020-08-12 08:56:56,173 EPOCH 18 done: loss 0.0437 - lr 0.0500000
2020-08-12 08:57:51,481 DEV : loss 0.6686426997184753 - score 0.9276
2020-08-12 08:57:52,541 BAD EPOCHS (no improvement): 1
2020-08-12 08:57:52,542 ----------------------------------------------------------------------------------------------------
2020-08-12 08:58:52,570 epoch 19 - iter 21/217 - loss 0.05058820 - samples/sec: 11.34
2020-08-12 08:59:32,086 epoch 19 - iter 42/217 - loss 0.04920198 - samples/sec: 17.16
2020-08-12 09:00:23,081 epoch 19 - iter 63/217 - loss 0.04256224 - samples/sec: 13.22
2020-08-12 09:01:02,610 epoch 19 - iter 84/217 - loss 0.03977832 - samples/sec: 17.06
2020-08-12 09:02:09,871 epoch 19 - iter 105/217 - loss 0.03945622 - samples/sec: 10.02
2020-08-12 09:02:49,945 epoch 19 - iter 126/217 - loss 0.03887083 - samples/sec: 16.83
2020-08-12 09:03:51,789 epoch 19 - iter 147/217 - loss 0.03775345 - samples/sec: 10.94
2020-08-12 09:04:31,129 epoch 19 - iter 168/217 - loss 0.03878316 - samples/sec: 17.19
2020-08-12 09:05:11,287 epoch 19 - iter 189/217 - loss 0.03954672 - samples/sec: 16.95
2020-08-12 09:05:50,329 epoch 19 - iter 210/217 - loss 0.04229026 - samples/sec: 17.43
2020-08-12 09:06:03,201 ----------------------------------------------------------------------------------------------------
2020-08-12 09:06:03,201 EPOCH 19 done: loss 0.0430 - lr 0.0500000
2020-08-12 09:06:58,489 DEV : loss 0.696030855178833 - score 0.9271
2020-08-12 09:06:59,660 BAD EPOCHS (no improvement): 2
2020-08-12 09:06:59,660 ----------------------------------------------------------------------------------------------------
2020-08-12 09:07:39,178 epoch 20 - iter 21/217 - loss 0.02750727 - samples/sec: 17.16
2020-08-12 09:08:17,864 epoch 20 - iter 42/217 - loss 0.03497590 - samples/sec: 17.50
2020-08-12 09:09:19,216 epoch 20 - iter 63/217 - loss 0.03117061 - samples/sec: 11.06
2020-08-12 09:09:57,639 epoch 20 - iter 84/217 - loss 0.03216650 - samples/sec: 17.67
2020-08-12 09:11:20,602 epoch 20 - iter 105/217 - loss 0.03673201 - samples/sec: 8.15
2020-08-12 09:11:58,283 epoch 20 - iter 126/217 - loss 0.03415286 - samples/sec: 17.96
2020-08-12 09:12:35,247 epoch 20 - iter 147/217 - loss 0.03324448 - samples/sec: 18.42
2020-08-12 09:13:10,449 epoch 20 - iter 168/217 - loss 0.03455025 - samples/sec: 19.23
2020-08-12 09:13:55,836 epoch 20 - iter 189/217 - loss 0.03338997 - samples/sec: 15.01
2020-08-12 09:14:30,763 epoch 20 - iter 210/217 - loss 0.03311803 - samples/sec: 19.46
2020-08-12 09:14:42,502 ----------------------------------------------------------------------------------------------------
2020-08-12 09:14:42,502 EPOCH 20 done: loss 0.0331 - lr 0.0500000
2020-08-12 09:15:31,055 DEV : loss 0.7080594301223755 - score 0.9323
2020-08-12 09:15:32,116 BAD EPOCHS (no improvement): 3
2020-08-12 09:15:32,117 ----------------------------------------------------------------------------------------------------
2020-08-12 09:16:17,589 epoch 21 - iter 21/217 - loss 0.03018432 - samples/sec: 15.05
2020-08-12 09:17:10,230 epoch 21 - iter 42/217 - loss 0.02636688 - samples/sec: 12.85
2020-08-12 09:17:45,141 epoch 21 - iter 63/217 - loss 0.02851728 - samples/sec: 19.59
2020-08-12 09:18:19,626 epoch 21 - iter 84/217 - loss 0.02800726 - samples/sec: 19.69
2020-08-12 09:19:20,159 epoch 21 - iter 105/217 - loss 0.02716649 - samples/sec: 11.43
2020-08-12 09:19:53,047 epoch 21 - iter 126/217 - loss 0.03026247 - samples/sec: 20.76
2020-08-12 09:20:49,545 epoch 21 - iter 147/217 - loss 0.02782930 - samples/sec: 12.03
2020-08-12 09:21:22,065 epoch 21 - iter 168/217 - loss 0.02819533 - samples/sec: 20.98
2020-08-12 09:21:54,567 epoch 21 - iter 189/217 - loss 0.03105354 - samples/sec: 20.98
2020-08-12 09:22:27,083 epoch 21 - iter 210/217 - loss 0.03137104 - samples/sec: 20.98
2020-08-12 09:22:38,519 ----------------------------------------------------------------------------------------------------
2020-08-12 09:22:38,519 EPOCH 21 done: loss 0.0315 - lr 0.0500000
2020-08-12 09:23:25,500 DEV : loss 0.8047673106193542 - score 0.9224
Epoch    21: reducing learning rate of group 0 to 2.5000e-02.
2020-08-12 09:23:26,563 BAD EPOCHS (no improvement): 4
2020-08-12 09:23:26,636 ----------------------------------------------------------------------------------------------------
2020-08-12 09:23:59,656 epoch 22 - iter 21/217 - loss 0.02012894 - samples/sec: 20.79
2020-08-12 09:24:32,057 epoch 22 - iter 42/217 - loss 0.02087370 - samples/sec: 20.91
2020-08-12 09:25:04,827 epoch 22 - iter 63/217 - loss 0.02046073 - samples/sec: 20.67
2020-08-12 09:25:37,699 epoch 22 - iter 84/217 - loss 0.02008524 - samples/sec: 20.82
2020-08-12 09:26:10,301 epoch 22 - iter 105/217 - loss 0.02129664 - samples/sec: 20.79
2020-08-12 09:26:42,997 epoch 22 - iter 126/217 - loss 0.02177036 - samples/sec: 20.86
2020-08-12 09:27:16,042 epoch 22 - iter 147/217 - loss 0.02086526 - samples/sec: 20.56
2020-08-12 09:28:16,443 epoch 22 - iter 168/217 - loss 0.02081334 - samples/sec: 11.22
2020-08-12 09:29:05,487 epoch 22 - iter 189/217 - loss 0.02068001 - samples/sec: 13.77
2020-08-12 09:30:01,393 epoch 22 - iter 210/217 - loss 0.02147066 - samples/sec: 12.10
2020-08-12 09:30:12,124 ----------------------------------------------------------------------------------------------------
2020-08-12 09:30:12,124 EPOCH 22 done: loss 0.0214 - lr 0.0250000
2020-08-12 09:30:57,907 DEV : loss 0.7224180698394775 - score 0.9306
2020-08-12 09:30:58,972 BAD EPOCHS (no improvement): 1
2020-08-12 09:30:58,973 ----------------------------------------------------------------------------------------------------
2020-08-12 09:31:31,950 epoch 23 - iter 21/217 - loss 0.01175876 - samples/sec: 20.67
2020-08-12 09:32:04,920 epoch 23 - iter 42/217 - loss 0.00927934 - samples/sec: 20.55
2020-08-12 09:32:37,917 epoch 23 - iter 63/217 - loss 0.01376233 - samples/sec: 20.53
2020-08-12 09:33:20,621 epoch 23 - iter 84/217 - loss 0.01400444 - samples/sec: 15.84
2020-08-12 09:34:11,501 epoch 23 - iter 105/217 - loss 0.01428282 - samples/sec: 13.25
2020-08-12 09:35:07,641 epoch 23 - iter 126/217 - loss 0.01451982 - samples/sec: 12.08
2020-08-12 09:35:40,023 epoch 23 - iter 147/217 - loss 0.01709896 - samples/sec: 20.92
2020-08-12 09:36:29,746 epoch 23 - iter 168/217 - loss 0.01635076 - samples/sec: 13.64
2020-08-12 09:37:02,349 epoch 23 - iter 189/217 - loss 0.01626570 - samples/sec: 20.78
2020-08-12 09:37:35,153 epoch 23 - iter 210/217 - loss 0.01554054 - samples/sec: 20.65
2020-08-12 09:37:45,882 ----------------------------------------------------------------------------------------------------
2020-08-12 09:37:45,882 EPOCH 23 done: loss 0.0155 - lr 0.0250000
2020-08-12 09:38:31,412 DEV : loss 0.7848865985870361 - score 0.9315
2020-08-12 09:38:32,476 BAD EPOCHS (no improvement): 2
2020-08-12 09:38:32,477 ----------------------------------------------------------------------------------------------------
2020-08-12 09:39:24,006 epoch 24 - iter 21/217 - loss 0.00990009 - samples/sec: 13.10
2020-08-12 09:40:36,216 epoch 24 - iter 42/217 - loss 0.01287647 - samples/sec: 9.36
2020-08-12 09:41:08,900 epoch 24 - iter 63/217 - loss 0.01530776 - samples/sec: 20.66
2020-08-12 09:41:41,512 epoch 24 - iter 84/217 - loss 0.01370753 - samples/sec: 20.92
2020-08-12 09:42:14,990 epoch 24 - iter 105/217 - loss 0.01486256 - samples/sec: 20.36
2020-08-12 09:42:47,659 epoch 24 - iter 126/217 - loss 0.01469409 - samples/sec: 20.67
2020-08-12 09:43:20,761 epoch 24 - iter 147/217 - loss 0.01410641 - samples/sec: 20.52
2020-08-12 09:43:53,639 epoch 24 - iter 168/217 - loss 0.01568541 - samples/sec: 20.67
2020-08-12 09:44:35,662 epoch 24 - iter 189/217 - loss 0.01519461 - samples/sec: 16.14
2020-08-12 09:45:08,425 epoch 24 - iter 210/217 - loss 0.01533635 - samples/sec: 20.69
2020-08-12 09:45:18,908 ----------------------------------------------------------------------------------------------------
2020-08-12 09:45:18,909 EPOCH 24 done: loss 0.0158 - lr 0.0250000
2020-08-12 09:46:05,925 DEV : loss 0.819868803024292 - score 0.9293
2020-08-12 09:46:06,984 BAD EPOCHS (no improvement): 3
2020-08-12 09:46:06,985 ----------------------------------------------------------------------------------------------------
2020-08-12 09:46:58,151 epoch 25 - iter 21/217 - loss 0.03045621 - samples/sec: 13.26
2020-08-12 09:47:31,054 epoch 25 - iter 42/217 - loss 0.02283415 - samples/sec: 20.59
2020-08-12 09:48:26,263 epoch 25 - iter 63/217 - loss 0.02425167 - samples/sec: 12.26
2020-08-12 09:48:59,815 epoch 25 - iter 84/217 - loss 0.02176042 - samples/sec: 20.32
2020-08-12 09:49:32,275 epoch 25 - iter 105/217 - loss 0.01907988 - samples/sec: 20.87
2020-08-12 09:50:14,037 epoch 25 - iter 126/217 - loss 0.01737833 - samples/sec: 16.19
2020-08-12 09:50:46,813 epoch 25 - iter 147/217 - loss 0.01745628 - samples/sec: 20.81
2020-08-12 09:51:36,037 epoch 25 - iter 168/217 - loss 0.01848307 - samples/sec: 13.76
2020-08-12 09:52:09,345 epoch 25 - iter 189/217 - loss 0.01730906 - samples/sec: 20.47
2020-08-12 09:52:42,662 epoch 25 - iter 210/217 - loss 0.01676545 - samples/sec: 20.33
2020-08-12 09:52:54,046 ----------------------------------------------------------------------------------------------------
2020-08-12 09:52:54,046 EPOCH 25 done: loss 0.0164 - lr 0.0250000
2020-08-12 09:53:39,618 DEV : loss 0.8081376552581787 - score 0.9319
Epoch    25: reducing learning rate of group 0 to 1.2500e-02.
2020-08-12 09:53:40,802 BAD EPOCHS (no improvement): 4
2020-08-12 09:53:40,803 ----------------------------------------------------------------------------------------------------
2020-08-12 09:54:14,112 epoch 26 - iter 21/217 - loss 0.00682177 - samples/sec: 20.45
2020-08-12 09:55:05,148 epoch 26 - iter 42/217 - loss 0.00558502 - samples/sec: 13.21
2020-08-12 09:55:38,110 epoch 26 - iter 63/217 - loss 0.00644173 - samples/sec: 20.63
2020-08-12 09:56:27,429 epoch 26 - iter 84/217 - loss 0.00735907 - samples/sec: 13.73
2020-08-12 09:57:23,507 epoch 26 - iter 105/217 - loss 0.00693744 - samples/sec: 12.09
2020-08-12 09:57:56,423 epoch 26 - iter 126/217 - loss 0.00747756 - samples/sec: 20.58
2020-08-12 09:58:28,837 epoch 26 - iter 147/217 - loss 0.00745765 - samples/sec: 20.91
2020-08-12 09:59:01,400 epoch 26 - iter 168/217 - loss 0.00846513 - samples/sec: 20.87
2020-08-12 09:59:34,087 epoch 26 - iter 189/217 - loss 0.00868682 - samples/sec: 20.86
2020-08-12 10:00:16,606 epoch 26 - iter 210/217 - loss 0.00942694 - samples/sec: 15.91
2020-08-12 10:00:27,126 ----------------------------------------------------------------------------------------------------
2020-08-12 10:00:27,126 EPOCH 26 done: loss 0.0093 - lr 0.0125000
2020-08-12 10:01:12,663 DEV : loss 0.8404743075370789 - score 0.9297
2020-08-12 10:01:13,726 BAD EPOCHS (no improvement): 1
2020-08-12 10:01:13,727 ----------------------------------------------------------------------------------------------------
2020-08-12 10:01:47,353 epoch 27 - iter 21/217 - loss 0.00737120 - samples/sec: 20.57
2020-08-12 10:02:20,213 epoch 27 - iter 42/217 - loss 0.00711299 - samples/sec: 20.69
2020-08-12 10:02:53,165 epoch 27 - iter 63/217 - loss 0.00627592 - samples/sec: 20.49
2020-08-12 10:03:26,048 epoch 27 - iter 84/217 - loss 0.00663177 - samples/sec: 20.60
2020-08-12 10:03:58,694 epoch 27 - iter 105/217 - loss 0.00709627 - samples/sec: 20.84
2020-08-12 10:05:24,252 epoch 27 - iter 126/217 - loss 0.00736881 - samples/sec: 7.90
2020-08-12 10:06:02,955 epoch 27 - iter 147/217 - loss 0.00754953 - samples/sec: 17.45
2020-08-12 10:07:02,369 epoch 27 - iter 168/217 - loss 0.00741184 - samples/sec: 11.38
2020-08-12 10:07:42,502 epoch 27 - iter 189/217 - loss 0.00720654 - samples/sec: 16.91
2020-08-12 10:08:33,757 epoch 27 - iter 210/217 - loss 0.00824818 - samples/sec: 13.25
2020-08-12 10:08:47,124 ----------------------------------------------------------------------------------------------------
2020-08-12 10:08:47,124 EPOCH 27 done: loss 0.0080 - lr 0.0125000
2020-08-12 10:09:42,957 DEV : loss 0.8355575203895569 - score 0.9323
2020-08-12 10:09:44,019 BAD EPOCHS (no improvement): 2
2020-08-12 10:09:44,077 ----------------------------------------------------------------------------------------------------
2020-08-12 10:10:23,715 epoch 28 - iter 21/217 - loss 0.00754749 - samples/sec: 17.17
2020-08-12 10:11:03,836 epoch 28 - iter 42/217 - loss 0.00713731 - samples/sec: 16.96
2020-08-12 10:11:42,892 epoch 28 - iter 63/217 - loss 0.00923058 - samples/sec: 17.32
2020-08-12 10:12:33,759 epoch 28 - iter 84/217 - loss 0.00807571 - samples/sec: 13.28
2020-08-12 10:13:13,485 epoch 28 - iter 105/217 - loss 0.00779974 - samples/sec: 17.09
2020-08-12 10:14:13,801 epoch 28 - iter 126/217 - loss 0.00820296 - samples/sec: 11.24
2020-08-12 10:14:53,227 epoch 28 - iter 147/217 - loss 0.00790804 - samples/sec: 17.21
2020-08-12 10:15:32,898 epoch 28 - iter 168/217 - loss 0.00876008 - samples/sec: 17.11
2020-08-12 10:16:40,235 epoch 28 - iter 189/217 - loss 0.00890590 - samples/sec: 10.04
2020-08-12 10:17:42,298 epoch 28 - iter 210/217 - loss 0.00922628 - samples/sec: 10.94
2020-08-12 10:17:55,161 ----------------------------------------------------------------------------------------------------
2020-08-12 10:17:55,161 EPOCH 28 done: loss 0.0093 - lr 0.0125000
2020-08-12 10:18:50,157 DEV : loss 0.8647552728652954 - score 0.9293
2020-08-12 10:18:51,217 BAD EPOCHS (no improvement): 3
2020-08-12 10:18:51,218 ----------------------------------------------------------------------------------------------------
2020-08-12 10:19:31,169 epoch 29 - iter 21/217 - loss 0.01715022 - samples/sec: 16.97
2020-08-12 10:20:22,153 epoch 29 - iter 42/217 - loss 0.01177576 - samples/sec: 13.28
2020-08-12 10:21:01,902 epoch 29 - iter 63/217 - loss 0.00969667 - samples/sec: 16.97
2020-08-12 10:21:41,689 epoch 29 - iter 84/217 - loss 0.00900236 - samples/sec: 17.05
2020-08-12 10:22:43,989 epoch 29 - iter 105/217 - loss 0.00978460 - samples/sec: 10.85
2020-08-12 10:23:23,559 epoch 29 - iter 126/217 - loss 0.00992339 - samples/sec: 17.16
2020-08-12 10:24:03,189 epoch 29 - iter 147/217 - loss 0.00936675 - samples/sec: 17.22
2020-08-12 10:24:42,626 epoch 29 - iter 168/217 - loss 0.00910298 - samples/sec: 17.26
2020-08-12 10:25:49,912 epoch 29 - iter 189/217 - loss 0.00844082 - samples/sec: 10.03
2020-08-12 10:26:49,648 epoch 29 - iter 210/217 - loss 0.00809836 - samples/sec: 11.32
2020-08-12 10:27:02,581 ----------------------------------------------------------------------------------------------------
2020-08-12 10:27:02,581 EPOCH 29 done: loss 0.0081 - lr 0.0125000
2020-08-12 10:27:57,878 DEV : loss 0.8432212471961975 - score 0.9319
Epoch    29: reducing learning rate of group 0 to 6.2500e-03.
2020-08-12 10:27:58,939 BAD EPOCHS (no improvement): 4
2020-08-12 10:27:58,940 ----------------------------------------------------------------------------------------------------
2020-08-12 10:28:39,433 epoch 30 - iter 21/217 - loss 0.00480932 - samples/sec: 16.86
2020-08-12 10:29:19,674 epoch 30 - iter 42/217 - loss 0.00588933 - samples/sec: 16.81
2020-08-12 10:30:22,062 epoch 30 - iter 63/217 - loss 0.00729501 - samples/sec: 10.84
2020-08-12 10:31:01,783 epoch 30 - iter 84/217 - loss 0.00732766 - samples/sec: 17.09
2020-08-12 10:31:41,506 epoch 30 - iter 105/217 - loss 0.00887508 - samples/sec: 17.03
2020-08-12 10:32:40,883 epoch 30 - iter 126/217 - loss 0.00861567 - samples/sec: 11.39
2020-08-12 10:33:48,007 epoch 30 - iter 147/217 - loss 0.00878604 - samples/sec: 10.09
2020-08-12 10:34:27,017 epoch 30 - iter 168/217 - loss 0.00861252 - samples/sec: 17.40
2020-08-12 10:35:06,234 epoch 30 - iter 189/217 - loss 0.00812014 - samples/sec: 17.35
2020-08-12 10:35:56,374 epoch 30 - iter 210/217 - loss 0.00798696 - samples/sec: 13.55
2020-08-12 10:36:08,904 ----------------------------------------------------------------------------------------------------
2020-08-12 10:36:08,905 EPOCH 30 done: loss 0.0080 - lr 0.0062500
2020-08-12 10:37:03,440 DEV : loss 0.8555295467376709 - score 0.9319
2020-08-12 10:37:04,602 BAD EPOCHS (no improvement): 1
2020-08-12 10:37:04,926 ----------------------------------------------------------------------------------------------------
2020-08-12 10:37:04,926 Testing using best model ...
2020-08-12 10:37:04,927 loading file elmo-mid-model/best-model.pt
2020-08-12 10:38:00,259 	0.8609
2020-08-12 10:38:00,259 
Results:
- F-score (micro) 0.935
- F-score (macro) 0.9343
- Accuracy 0.8609

By class:
                        precision    recall  f1-score   support

  __label__INFORMATIVE     1.0000    0.8601    0.9248       536
__label__UNINFORMATIVE     1.0000    0.8937    0.9439       602

             micro avg     1.0000    0.8779    0.9350      1138
             macro avg     1.0000    0.8769    0.9343      1138
          weighted avg     1.0000    0.8779    0.9349      1138
           samples avg     1.0000    0.9304    0.9536      1138

2020-08-12 10:38:00,259 ----------------------------------------------------------------------------------------------------
2020-08-12 10:38:09,070 loading file elmo-mid-model/best-model.pt
                        precision    recall  f1-score   support

  __label__INFORMATIVE     0.8478    0.8263    0.8369       472
__label__UNINFORMATIVE     0.8481    0.8674    0.8577       528

              accuracy                         0.8480      1000
             macro avg     0.8480    0.8468    0.8473      1000
          weighted avg     0.8480    0.8480    0.8479      1000

